{"uid":"511e07f7dc05ffd4","name":"create_then_update_patient()","fullName":"api.patients.PatientCrudeTest.create_then_update_patient","historyId":"54327d1851846aace681fe197e1947fd","time":{"start":1762257840539,"stop":1762257842131,"duration":1592},"description":"","status":"broken","statusMessage":"Format specifier '%s'","statusTrace":"java.util.MissingFormatArgumentException: Format specifier '%s'\n\tat java.base/java.util.Formatter.format(Formatter.java:2790)\n\tat java.base/java.util.Formatter.format(Formatter.java:2728)\n\tat java.base/java.lang.String.format(String.java:4390)\n\tat requests.CrudeRequesters.lambda$update$3(CrudeRequesters.java:50)\n\tat io.qameta.allure.Allure.lambda$step$1(Allure.java:126)\n\tat io.qameta.allure.Allure.step(Allure.java:180)\n\tat io.qameta.allure.Allure.step(Allure.java:124)\n\tat allure.AllureSteps.log(AllureSteps.java:22)\n\tat requests.CrudeRequesters.update(CrudeRequesters.java:49)\n\tat api.patients.PatientCrudeTest.create_then_update_patient(PatientCrudeTest.java:38)\n\tat java.base/java.lang.reflect.Method.invoke(Method.java:580)\n\tat java.base/java.util.ArrayList.forEach(ArrayList.java:1596)\n\tat java.base/java.util.ArrayList.forEach(ArrayList.java:1596)\n","flaky":false,"newFailed":false,"newBroken":false,"newPassed":false,"retriesCount":0,"retriesStatusChange":false,"beforeStages":[],"testStage":{"description":"","status":"broken","statusMessage":"Format specifier '%s'","statusTrace":"java.util.MissingFormatArgumentException: Format specifier '%s'\n\tat java.base/java.util.Formatter.format(Formatter.java:2790)\n\tat java.base/java.util.Formatter.format(Formatter.java:2728)\n\tat java.base/java.lang.String.format(String.java:4390)\n\tat requests.CrudeRequesters.lambda$update$3(CrudeRequesters.java:50)\n\tat io.qameta.allure.Allure.lambda$step$1(Allure.java:126)\n\tat io.qameta.allure.Allure.step(Allure.java:180)\n\tat io.qameta.allure.Allure.step(Allure.java:124)\n\tat allure.AllureSteps.log(AllureSteps.java:22)\n\tat requests.CrudeRequesters.update(CrudeRequesters.java:49)\n\tat api.patients.PatientCrudeTest.create_then_update_patient(PatientCrudeTest.java:38)\n\tat java.base/java.lang.reflect.Method.invoke(Method.java:580)\n\tat java.base/java.util.ArrayList.forEach(ArrayList.java:1596)\n\tat java.base/java.util.ArrayList.forEach(ArrayList.java:1596)\n","steps":[{"name":"POST METHOD for path /auth/login","time":{"start":1762257840544,"stop":1762257841198,"duration":654},"status":"passed","steps":[],"attachments":[{"uid":"1986efa73918e58f","name":"Request","source":"1986efa73918e58f.html","type":"text/html","size":931},{"uid":"24a10a9c08f50846","name":"HTTP/1.1 200 OK","source":"24a10a9c08f50846.html","type":"text/html","size":2113}],"parameters":[],"shouldDisplayMessage":false,"stepsCount":0,"attachmentsCount":2,"hasContent":true,"attachmentStep":false},{"name":"POST METHOD for path /medical-centers/515da63e-9ace-4e12-9310-4a64ba6bed26/patients","time":{"start":1762257841201,"stop":1762257841487,"duration":286},"status":"passed","steps":[],"attachments":[{"uid":"eef08b60874bb6d9","name":"Request","source":"eef08b60874bb6d9.html","type":"text/html","size":2763},{"uid":"f28fb740de9e2fd9","name":"HTTP/1.1 201 Created","source":"f28fb740de9e2fd9.html","type":"text/html","size":3161}],"parameters":[],"shouldDisplayMessage":false,"stepsCount":0,"attachmentsCount":2,"hasContent":true,"attachmentStep":false},{"name":"POST METHOD for path /auth/login","time":{"start":1762257841495,"stop":1762257842128,"duration":633},"status":"passed","steps":[],"attachments":[{"uid":"52b2d4c02c22a918","name":"Request","source":"52b2d4c02c22a918.html","type":"text/html","size":931},{"uid":"9b9f6baa12cd2af4","name":"HTTP/1.1 200 OK","source":"9b9f6baa12cd2af4.html","type":"text/html","size":2113}],"parameters":[],"shouldDisplayMessage":false,"stepsCount":0,"attachmentsCount":2,"hasContent":true,"attachmentStep":false},{"name":"UPDATE METHOD with path /medical-centers/%s/patients/%s","time":{"start":1762257842129,"stop":1762257842130,"duration":1},"status":"broken","statusMessage":"Format specifier '%s'","statusTrace":"java.util.MissingFormatArgumentException: Format specifier '%s'\n\tat java.base/java.util.Formatter.format(Formatter.java:2790)\n\tat java.base/java.util.Formatter.format(Formatter.java:2728)\n\tat java.base/java.lang.String.format(String.java:4390)\n\tat requests.CrudeRequesters.lambda$update$3(CrudeRequesters.java:50)\n\tat io.qameta.allure.Allure.lambda$step$1(Allure.java:126)\n\tat io.qameta.allure.Allure.step(Allure.java:180)\n\tat io.qameta.allure.Allure.step(Allure.java:124)\n\tat allure.AllureSteps.log(AllureSteps.java:22)\n\tat requests.CrudeRequesters.update(CrudeRequesters.java:49)\n\tat api.patients.PatientCrudeTest.create_then_update_patient(PatientCrudeTest.java:38)\n\tat java.base/jdk.internal.reflect.DirectMethodHandleAccessor.invoke(DirectMethodHandleAccessor.java:103)\n\tat java.base/java.lang.reflect.Method.invoke(Method.java:580)\n\tat org.junit.platform.commons.util.ReflectionUtils.invokeMethod(ReflectionUtils.java:728)\n\tat org.junit.jupiter.engine.execution.MethodInvocation.proceed(MethodInvocation.java:60)\n\tat org.junit.jupiter.engine.execution.InvocationInterceptorChain$ValidatingInvocation.proceed(InvocationInterceptorChain.java:131)\n\tat org.junit.jupiter.engine.extension.TimeoutExtension.intercept(TimeoutExtension.java:156)\n\tat org.junit.jupiter.engine.extension.TimeoutExtension.interceptTestableMethod(TimeoutExtension.java:147)\n\tat org.junit.jupiter.engine.extension.TimeoutExtension.interceptTestMethod(TimeoutExtension.java:86)\n\tat org.junit.jupiter.engine.execution.InterceptingExecutableInvoker$ReflectiveInterceptorCall.lambda$ofVoidMethod$0(InterceptingExecutableInvoker.java:103)\n\tat org.junit.jupiter.engine.execution.InterceptingExecutableInvoker.lambda$invoke$0(InterceptingExecutableInvoker.java:93)\n\tat org.junit.jupiter.engine.execution.InvocationInterceptorChain$InterceptedInvocation.proceed(InvocationInterceptorChain.java:106)\n\tat org.junit.jupiter.engine.execution.InvocationInterceptorChain.proceed(InvocationInterceptorChain.java:64)\n\tat org.junit.jupiter.engine.execution.InvocationInterceptorChain.chainAndInvoke(InvocationInterceptorChain.java:45)\n\tat org.junit.jupiter.engine.execution.InvocationInterceptorChain.invoke(InvocationInterceptorChain.java:37)\n\tat org.junit.jupiter.engine.execution.InterceptingExecutableInvoker.invoke(InterceptingExecutableInvoker.java:92)\n\tat org.junit.jupiter.engine.execution.InterceptingExecutableInvoker.invoke(InterceptingExecutableInvoker.java:86)\n\tat org.junit.jupiter.engine.descriptor.TestMethodTestDescriptor.lambda$invokeTestMethod$7(TestMethodTestDescriptor.java:218)\n\tat org.junit.platform.engine.support.hierarchical.ThrowableCollector.execute(ThrowableCollector.java:73)\n\tat org.junit.jupiter.engine.descriptor.TestMethodTestDescriptor.invokeTestMethod(TestMethodTestDescriptor.java:214)\n\tat org.junit.jupiter.engine.descriptor.TestMethodTestDescriptor.execute(TestMethodTestDescriptor.java:139)\n\tat org.junit.jupiter.engine.descriptor.TestMethodTestDescriptor.execute(TestMethodTestDescriptor.java:69)\n\tat org.junit.platform.engine.support.hierarchical.NodeTestTask.lambda$executeRecursively$6(NodeTestTask.java:151)\n\tat org.junit.platform.engine.support.hierarchical.ThrowableCollector.execute(ThrowableCollector.java:73)\n\tat org.junit.platform.engine.support.hierarchical.NodeTestTask.lambda$executeRecursively$8(NodeTestTask.java:141)\n\tat org.junit.platform.engine.support.hierarchical.Node.around(Node.java:137)\n\tat org.junit.platform.engine.support.hierarchical.NodeTestTask.lambda$executeRecursively$9(NodeTestTask.java:139)\n\tat org.junit.platform.engine.support.hierarchical.ThrowableCollector.execute(ThrowableCollector.java:73)\n\tat org.junit.platform.engine.support.hierarchical.NodeTestTask.executeRecursively(NodeTestTask.java:138)\n\tat org.junit.platform.engine.support.hierarchical.NodeTestTask.execute(NodeTestTask.java:95)\n\tat java.base/java.util.ArrayList.forEach(ArrayList.java:1596)\n\tat org.junit.platform.engine.support.hierarchical.SameThreadHierarchicalTestExecutorService.invokeAll(SameThreadHierarchicalTestExecutorService.java:41)\n\tat org.junit.platform.engine.support.hierarchical.NodeTestTask.lambda$executeRecursively$6(NodeTestTask.java:155)\n\tat org.junit.platform.engine.support.hierarchical.ThrowableCollector.execute(ThrowableCollector.java:73)\n\tat org.junit.platform.engine.support.hierarchical.NodeTestTask.lambda$executeRecursively$8(NodeTestTask.java:141)\n\tat org.junit.platform.engine.support.hierarchical.Node.around(Node.java:137)\n\tat org.junit.platform.engine.support.hierarchical.NodeTestTask.lambda$executeRecursively$9(NodeTestTask.java:139)\n\tat org.junit.platform.engine.support.hierarchical.ThrowableCollector.execute(ThrowableCollector.java:73)\n\tat org.junit.platform.engine.support.hierarchical.NodeTestTask.executeRecursively(NodeTestTask.java:138)\n\tat org.junit.platform.engine.support.hierarchical.NodeTestTask.execute(NodeTestTask.java:95)\n\tat java.base/java.util.ArrayList.forEach(ArrayList.java:1596)\n\tat org.junit.platform.engine.support.hierarchical.SameThreadHierarchicalTestExecutorService.invokeAll(SameThreadHierarchicalTestExecutorService.java:41)\n\tat org.junit.platform.engine.support.hierarchical.NodeTestTask.lambda$executeRecursively$6(NodeTestTask.java:155)\n\tat org.junit.platform.engine.support.hierarchical.ThrowableCollector.execute(ThrowableCollector.java:73)\n\tat org.junit.platform.engine.support.hierarchical.NodeTestTask.lambda$executeRecursively$8(NodeTestTask.java:141)\n\tat org.junit.platform.engine.support.hierarchical.Node.around(Node.java:137)\n\tat org.junit.platform.engine.support.hierarchical.NodeTestTask.lambda$executeRecursively$9(NodeTestTask.java:139)\n\tat org.junit.platform.engine.support.hierarchical.ThrowableCollector.execute(ThrowableCollector.java:73)\n\tat org.junit.platform.engine.support.hierarchical.NodeTestTask.executeRecursively(NodeTestTask.java:138)\n\tat org.junit.platform.engine.support.hierarchical.NodeTestTask.execute(NodeTestTask.java:95)\n\tat org.junit.platform.engine.support.hierarchical.SameThreadHierarchicalTestExecutorService.submit(SameThreadHierarchicalTestExecutorService.java:35)\n\tat org.junit.platform.engine.support.hierarchical.HierarchicalTestExecutor.execute(HierarchicalTestExecutor.java:57)\n\tat org.junit.platform.engine.support.hierarchical.HierarchicalTestEngine.execute(HierarchicalTestEngine.java:54)\n\tat org.junit.platform.launcher.core.EngineExecutionOrchestrator.execute(EngineExecutionOrchestrator.java:198)\n\tat org.junit.platform.launcher.core.EngineExecutionOrchestrator.execute(EngineExecutionOrchestrator.java:169)\n\tat org.junit.platform.launcher.core.EngineExecutionOrchestrator.execute(EngineExecutionOrchestrator.java:93)\n\tat org.junit.platform.launcher.core.EngineExecutionOrchestrator.lambda$execute$0(EngineExecutionOrchestrator.java:58)\n\tat org.junit.platform.launcher.core.EngineExecutionOrchestrator.withInterceptedStreams(EngineExecutionOrchestrator.java:141)\n\tat org.junit.platform.launcher.core.EngineExecutionOrchestrator.execute(EngineExecutionOrchestrator.java:57)\n\tat org.junit.platform.launcher.core.DefaultLauncher.execute(DefaultLauncher.java:103)\n\tat org.junit.platform.launcher.core.DefaultLauncher.execute(DefaultLauncher.java:85)\n\tat org.junit.platform.launcher.core.DelegatingLauncher.execute(DelegatingLauncher.java:47)\n\tat org.apache.maven.surefire.junitplatform.LazyLauncher.execute(LazyLauncher.java:56)\n\tat org.apache.maven.surefire.junitplatform.JUnitPlatformProvider.execute(JUnitPlatformProvider.java:184)\n\tat org.apache.maven.surefire.junitplatform.JUnitPlatformProvider.invokeAllTests(JUnitPlatformProvider.java:148)\n\tat org.apache.maven.surefire.junitplatform.JUnitPlatformProvider.invoke(JUnitPlatformProvider.java:122)\n\tat org.apache.maven.surefire.booter.ForkedBooter.runSuitesInProcess(ForkedBooter.java:385)\n\tat org.apache.maven.surefire.booter.ForkedBooter.execute(ForkedBooter.java:162)\n\tat org.apache.maven.surefire.booter.ForkedBooter.run(ForkedBooter.java:507)\n\tat org.apache.maven.surefire.booter.ForkedBooter.main(ForkedBooter.java:495)\n","steps":[],"attachments":[],"parameters":[],"shouldDisplayMessage":true,"stepsCount":0,"attachmentsCount":0,"hasContent":true,"attachmentStep":false}],"attachments":[],"parameters":[],"shouldDisplayMessage":false,"stepsCount":4,"attachmentsCount":6,"hasContent":true,"attachmentStep":false},"afterStages":[],"labels":[{"name":"junit.platform.uniqueid","value":"[engine:junit-jupiter]/[class:api.patients.PatientCrudeTest]/[method:create_then_update_patient()]"},{"name":"host","value":"runnervmf2e7y"},{"name":"thread","value":"2167@runnervmf2e7y.main(1)"},{"name":"framework","value":"junit-platform"},{"name":"language","value":"java"},{"name":"package","value":"api.patients.PatientCrudeTest"},{"name":"testClass","value":"api.patients.PatientCrudeTest"},{"name":"testMethod","value":"create_then_update_patient"},{"name":"suite","value":"api.patients.PatientCrudeTest"},{"name":"resultFormat","value":"allure2"}],"parameters":[],"links":[],"hidden":false,"retry":false,"extra":{"severity":"normal","retries":[],"categories":[{"name":"Test defects","matchedStatuses":[],"flaky":false}],"tags":[]},"source":"511e07f7dc05ffd4.json","parameterValues":[]}